<?xml version="1.0" encoding="UTF-8"?>
<testsuite xmlns:xsi="http://www.w3.org/2001/XMLSchema-instance" xsi:noNamespaceSchemaLocation="https://maven.apache.org/surefire/maven-surefire-plugin/xsd/surefire-test-report-3.0.xsd" version="3.0" name="br.ufes.projetos01.FuncionarioBonusTest" time="0.106" tests="38" errors="0" skipped="0" failures="0">
  <properties>
    <property name="sun.desktop" value="windows"/>
    <property name="awt.toolkit" value="sun.awt.windows.WToolkit"/>
    <property name="file.encoding.pkg" value="sun.io"/>
    <property name="java.specification.version" value="1.8"/>
    <property name="sun.cpu.isalist" value="amd64"/>
    <property name="sun.jnu.encoding" value="Cp1252"/>
    <property name="java.class.path" value="C:\Users\W-E-R\Documents\NetBeansProjects\BonusFuncinario2\target\test-classes;C:\Users\W-E-R\Documents\NetBeansProjects\BonusFuncinario2\target\classes;C:\Users\W-E-R\.m2\repository\org\junit\jupiter\junit-jupiter\5.6.2\junit-jupiter-5.6.2.jar;C:\Users\W-E-R\.m2\repository\org\junit\jupiter\junit-jupiter-api\5.6.2\junit-jupiter-api-5.6.2.jar;C:\Users\W-E-R\.m2\repository\org\apiguardian\apiguardian-api\1.1.0\apiguardian-api-1.1.0.jar;C:\Users\W-E-R\.m2\repository\org\opentest4j\opentest4j\1.2.0\opentest4j-1.2.0.jar;C:\Users\W-E-R\.m2\repository\org\junit\platform\junit-platform-commons\1.6.2\junit-platform-commons-1.6.2.jar;C:\Users\W-E-R\.m2\repository\org\junit\jupiter\junit-jupiter-params\5.6.2\junit-jupiter-params-5.6.2.jar;C:\Users\W-E-R\.m2\repository\org\junit\jupiter\junit-jupiter-engine\5.6.2\junit-jupiter-engine-5.6.2.jar;C:\Users\W-E-R\.m2\repository\org\junit\platform\junit-platform-engine\1.6.2\junit-platform-engine-1.6.2.jar;"/>
    <property name="java.vm.vendor" value="Oracle Corporation"/>
    <property name="sun.arch.data.model" value="64"/>
    <property name="user.variant" value=""/>
    <property name="java.vendor.url" value="http://java.oracle.com/"/>
    <property name="user.timezone" value="America/Sao_Paulo"/>
    <property name="java.vm.specification.version" value="1.8"/>
    <property name="os.name" value="Windows 10"/>
    <property name="sun.java.launcher" value="SUN_STANDARD"/>
    <property name="user.country" value="BR"/>
    <property name="sun.boot.library.path" value="C:\Program Files\Java\jdk1.8.0_271\jre\bin"/>
    <property name="sun.java.command" value="C:\Users\W-E-R\AppData\Local\Temp\surefire7981937797421351808\surefirebooter2009062272961206938.jar C:\Users\W-E-R\AppData\Local\Temp\surefire7981937797421351808 2021-08-12T00-38-35_287-jvmRun1 surefire5874282061901541070tmp surefire_01964078151979997904tmp"/>
    <property name="test" value="br.ufes.projetos01.FuncionarioBonusTest"/>
    <property name="surefire.test.class.path" value="C:\Users\W-E-R\Documents\NetBeansProjects\BonusFuncinario2\target\test-classes;C:\Users\W-E-R\Documents\NetBeansProjects\BonusFuncinario2\target\classes;C:\Users\W-E-R\.m2\repository\org\junit\jupiter\junit-jupiter\5.6.2\junit-jupiter-5.6.2.jar;C:\Users\W-E-R\.m2\repository\org\junit\jupiter\junit-jupiter-api\5.6.2\junit-jupiter-api-5.6.2.jar;C:\Users\W-E-R\.m2\repository\org\apiguardian\apiguardian-api\1.1.0\apiguardian-api-1.1.0.jar;C:\Users\W-E-R\.m2\repository\org\opentest4j\opentest4j\1.2.0\opentest4j-1.2.0.jar;C:\Users\W-E-R\.m2\repository\org\junit\platform\junit-platform-commons\1.6.2\junit-platform-commons-1.6.2.jar;C:\Users\W-E-R\.m2\repository\org\junit\jupiter\junit-jupiter-params\5.6.2\junit-jupiter-params-5.6.2.jar;C:\Users\W-E-R\.m2\repository\org\junit\jupiter\junit-jupiter-engine\5.6.2\junit-jupiter-engine-5.6.2.jar;C:\Users\W-E-R\.m2\repository\org\junit\platform\junit-platform-engine\1.6.2\junit-platform-engine-1.6.2.jar;"/>
    <property name="sun.cpu.endian" value="little"/>
    <property name="user.home" value="C:\Users\W-E-R"/>
    <property name="user.language" value="pt"/>
    <property name="java.specification.vendor" value="Oracle Corporation"/>
    <property name="java.home" value="C:\Program Files\Java\jdk1.8.0_271\jre"/>
    <property name="basedir" value="C:\Users\W-E-R\Documents\NetBeansProjects\BonusFuncinario2"/>
    <property name="file.separator" value="\"/>
    <property name="line.separator" value="&#10;"/>
    <property name="java.vm.specification.vendor" value="Oracle Corporation"/>
    <property name="java.specification.name" value="Java Platform API Specification"/>
    <property name="java.awt.graphicsenv" value="sun.awt.Win32GraphicsEnvironment"/>
    <property name="surefire.real.class.path" value="C:\Users\W-E-R\AppData\Local\Temp\surefire7981937797421351808\surefirebooter2009062272961206938.jar"/>
    <property name="sun.boot.class.path" value="C:\Program Files\Java\jdk1.8.0_271\jre\lib\resources.jar;C:\Program Files\Java\jdk1.8.0_271\jre\lib\rt.jar;C:\Program Files\Java\jdk1.8.0_271\jre\lib\sunrsasign.jar;C:\Program Files\Java\jdk1.8.0_271\jre\lib\jsse.jar;C:\Program Files\Java\jdk1.8.0_271\jre\lib\jce.jar;C:\Program Files\Java\jdk1.8.0_271\jre\lib\charsets.jar;C:\Program Files\Java\jdk1.8.0_271\jre\lib\jfr.jar;C:\Program Files\Java\jdk1.8.0_271\jre\classes"/>
    <property name="user.script" value=""/>
    <property name="sun.management.compiler" value="HotSpot 64-Bit Tiered Compilers"/>
    <property name="java.runtime.version" value="1.8.0_271-b09"/>
    <property name="user.name" value="W-E-R"/>
    <property name="path.separator" value=";"/>
    <property name="os.version" value="10.0"/>
    <property name="java.endorsed.dirs" value="C:\Program Files\Java\jdk1.8.0_271\jre\lib\endorsed"/>
    <property name="java.runtime.name" value="Java(TM) SE Runtime Environment"/>
    <property name="file.encoding" value="UTF-8"/>
    <property name="java.vm.name" value="Java HotSpot(TM) 64-Bit Server VM"/>
    <property name="maven.ext.class.path" value="C:\Program Files\NetBeans-12.0\netbeans\java\maven-nblib\netbeans-eventspy.jar"/>
    <property name="localRepository" value="C:\Users\W-E-R\.m2\repository"/>
    <property name="java.vendor.url.bug" value="http://bugreport.sun.com/bugreport/"/>
    <property name="java.io.tmpdir" value="C:\Users\W-E-R\AppData\Local\Temp\"/>
    <property name="java.version" value="1.8.0_271"/>
    <property name="user.dir" value="C:\Users\W-E-R\Documents\NetBeansProjects\BonusFuncinario2"/>
    <property name="os.arch" value="amd64"/>
    <property name="java.vm.specification.name" value="Java Virtual Machine Specification"/>
    <property name="java.awt.printerjob" value="sun.awt.windows.WPrinterJob"/>
    <property name="sun.os.patch.level" value=""/>
    <property name="java.library.path" value="C:\Program Files\Java\jdk1.8.0_271\jre\bin;C:\Windows\Sun\Java\bin;C:\Windows\system32;C:\Windows;C:\Program Files\AdoptOpenJDK\jdk-11.0.9.101-hotspot\bin;C:\Program Files (x86)\Common Files\Oracle\Java\javapath;C:\Windows\system32;C:\Windows;C:\Windows\System32\Wbem;C:\Windows\System32\WindowsPowerShell\v1.0\;C:\Windows\System32\OpenSSH\;D:\Program Files\nodejs\;D:\Program Files\Git\cmd;C:\Program Files\MySQL\MySQL Shell 8.0\bin\;C:\Users\W-E-R\AppData\Local\Microsoft\WindowsApps;C:\Users\W-E-R\AppData\Roaming\npm;C:\Users\W-E-R\AppData\Local\Programs\Microsoft VS Code\bin;."/>
    <property name="java.vm.info" value="mixed mode"/>
    <property name="java.vendor" value="Oracle Corporation"/>
    <property name="java.vm.version" value="25.271-b09"/>
    <property name="java.ext.dirs" value="C:\Program Files\Java\jdk1.8.0_271\jre\lib\ext;C:\Windows\Sun\Java\lib\ext"/>
    <property name="sun.io.unicode.encoding" value="UnicodeLittle"/>
    <property name="java.class.version" value="52.0"/>
  </properties>
  <testcase name="CT001(String)[1]" classname="br.ufes.projetos01.FuncionarioBonusTest" time="0.026"/>
  <testcase name="CT001(String)[2]" classname="br.ufes.projetos01.FuncionarioBonusTest" time="0.001"/>
  <testcase name="CT001(String)[3]" classname="br.ufes.projetos01.FuncionarioBonusTest" time="0"/>
  <testcase name="CT002(String)[1]" classname="br.ufes.projetos01.FuncionarioBonusTest" time="0.001"/>
  <testcase name="CT002(String)[2]" classname="br.ufes.projetos01.FuncionarioBonusTest" time="0"/>
  <testcase name="CT002(String)[3]" classname="br.ufes.projetos01.FuncionarioBonusTest" time="0"/>
  <testcase name="CT003(Double)[1]" classname="br.ufes.projetos01.FuncionarioBonusTest" time="0"/>
  <testcase name="CT003(Double)[2]" classname="br.ufes.projetos01.FuncionarioBonusTest" time="0"/>
  <testcase name="CT003(Double)[3]" classname="br.ufes.projetos01.FuncionarioBonusTest" time="0"/>
  <testcase name="CT003(Double)[4]" classname="br.ufes.projetos01.FuncionarioBonusTest" time="0"/>
  <testcase name="CT004(Double)[1]" classname="br.ufes.projetos01.FuncionarioBonusTest" time="0.001"/>
  <testcase name="CT004(Double)[2]" classname="br.ufes.projetos01.FuncionarioBonusTest" time="0.001"/>
  <testcase name="CT004(Double)[3]" classname="br.ufes.projetos01.FuncionarioBonusTest" time="0.001"/>
  <testcase name="CT004(Double)[4]" classname="br.ufes.projetos01.FuncionarioBonusTest" time="0.001"/>
  <testcase name="CT004(Double)[5]" classname="br.ufes.projetos01.FuncionarioBonusTest" time="0.001"/>
  <testcase name="CT004(Double)[6]" classname="br.ufes.projetos01.FuncionarioBonusTest" time="0.001"/>
  <testcase name="CT005(String, double, double)[1]" classname="br.ufes.projetos01.FuncionarioBonusTest" time="0.004"/>
  <testcase name="CT005(String, double, double)[2]" classname="br.ufes.projetos01.FuncionarioBonusTest" time="0"/>
  <testcase name="CT005(String, double, double)[3]" classname="br.ufes.projetos01.FuncionarioBonusTest" time="0"/>
  <testcase name="CT006(String)[1]" classname="br.ufes.projetos01.FuncionarioBonusTest" time="0"/>
  <testcase name="CT006(String)[2]" classname="br.ufes.projetos01.FuncionarioBonusTest" time="0"/>
  <testcase name="CT006(String)[3]" classname="br.ufes.projetos01.FuncionarioBonusTest" time="0"/>
  <testcase name="CT006(String)[4]" classname="br.ufes.projetos01.FuncionarioBonusTest" time="0"/>
  <testcase name="CT006(String)[5]" classname="br.ufes.projetos01.FuncionarioBonusTest" time="0.001"/>
  <testcase name="CT007(int, double, double)[1]" classname="br.ufes.projetos01.FuncionarioBonusTest" time="0"/>
  <testcase name="CT007(int, double, double)[2]" classname="br.ufes.projetos01.FuncionarioBonusTest" time="0.001"/>
  <testcase name="CT007(int, double, double)[3]" classname="br.ufes.projetos01.FuncionarioBonusTest" time="0"/>
  <testcase name="CT007(int, double, double)[4]" classname="br.ufes.projetos01.FuncionarioBonusTest" time="0"/>
  <testcase name="CT008(int)[1]" classname="br.ufes.projetos01.FuncionarioBonusTest" time="0.001"/>
  <testcase name="CT008(int)[2]" classname="br.ufes.projetos01.FuncionarioBonusTest" time="0.001"/>
  <testcase name="CT008(int)[3]" classname="br.ufes.projetos01.FuncionarioBonusTest" time="0"/>
  <testcase name="CT009(int, double, double)[1]" classname="br.ufes.projetos01.FuncionarioBonusTest" time="0.001"/>
  <testcase name="CT009(int, double, double)[2]" classname="br.ufes.projetos01.FuncionarioBonusTest" time="0.001"/>
  <testcase name="CT009(int, double, double)[3]" classname="br.ufes.projetos01.FuncionarioBonusTest" time="0.001"/>
  <testcase name="CT009(int, double, double)[4]" classname="br.ufes.projetos01.FuncionarioBonusTest" time="0.001"/>
  <testcase name="CT009(int, double, double)[5]" classname="br.ufes.projetos01.FuncionarioBonusTest" time="0"/>
  <testcase name="CT010(int)[1]" classname="br.ufes.projetos01.FuncionarioBonusTest" time="0.001"/>
  <testcase name="CT010(int)[2]" classname="br.ufes.projetos01.FuncionarioBonusTest" time="0.001"/>
</testsuite>